
Gurobi 8.1.0 (win64, Python) logging started 11/15/18 17:06:09

Academic license - for non-commercial use only
Optimize a model with 0 rows, 46 columns and 0 nonzeros
Model has 1 quadratic objective term
Variable types: 0 continuous, 46 integer (0 binary)
Coefficient statistics:
  Matrix range     [0e+00, 0e+00]
  Objective range  [9e+00, 9e+00]
  QObjective range [2e+00, 2e+00]
  Bounds range     [0e+00, 0e+00]
  RHS range        [0e+00, 0e+00]
Found heuristic solution: objective 19.5408755
Presolve removed 0 rows and 46 columns
Presolve time: 0.01s
Presolve: All rows and columns removed

Explored 0 nodes (0 simplex iterations) in 0.05 seconds
Thread count was 1 (of 4 available processors)

Solution count 2: 0.176826 19.5409 

Optimal solution found (tolerance 1.00e-04)
Best objective 1.768255062891e-01, best bound 1.768255062891e-01, gap 0.0000%
Optimize a model with 0 rows, 46 columns and 0 nonzeros
Model has 1 quadratic objective term
Variable types: 0 continuous, 46 integer (0 binary)
Coefficient statistics:
  Matrix range     [0e+00, 0e+00]
  Objective range  [9e+00, 9e+00]
  QObjective range [2e+00, 2e+00]
  Bounds range     [0e+00, 0e+00]
  RHS range        [0e+00, 0e+00]
Found heuristic solution: objective 19.5408755
Presolve removed 0 rows and 46 columns
Presolve time: 0.01s
Presolve: All rows and columns removed

Explored 0 nodes (0 simplex iterations) in 0.04 seconds
Thread count was 1 (of 4 available processors)

Solution count 2: 0.176826 19.5409 

Optimal solution found (tolerance 1.00e-04)
Best objective 1.768255062891e-01, best bound 1.768255062891e-01, gap 0.0000%
Optimize a model with 47 rows, 46 columns and 92 nonzeros
Model has 1 quadratic objective term
Variable types: 0 continuous, 46 integer (0 binary)
Coefficient statistics:
  Matrix range     [1e+00, 1e+00]
  Objective range  [9e+00, 9e+00]
  QObjective range [2e+00, 2e+00]
  Bounds range     [0e+00, 0e+00]
  RHS range        [1e+00, 8e+01]
Found heuristic solution: objective 4.000000e+18
Presolve removed 47 rows and 46 columns
Presolve time: 0.01s
Presolve: All rows and columns removed

Explored 0 nodes (0 simplex iterations) in 0.03 seconds
Thread count was 1 (of 4 available processors)

Solution count 2: 0.176826 4e+18 

Optimal solution found (tolerance 1.00e-04)
Best objective 1.768255062891e-01, best bound 1.768255062891e-01, gap 0.0000%
Optimize a model with 93 rows, 46 columns and 138 nonzeros
Model has 1 quadratic objective term
Variable types: 0 continuous, 46 integer (0 binary)
Coefficient statistics:
  Matrix range     [1e+00, 1e+00]
  Objective range  [9e+00, 9e+00]
  QObjective range [2e+00, 2e+00]
  Bounds range     [0e+00, 0e+00]
  RHS range        [1e+00, 8e+01]
Found heuristic solution: objective 11.6998630
Presolve removed 93 rows and 46 columns
Presolve time: 0.00s
Presolve: All rows and columns removed

Explored 0 nodes (0 simplex iterations) in 0.02 seconds
Thread count was 1 (of 4 available processors)

Solution count 2: 0.176826 11.6999 

Optimal solution found (tolerance 1.00e-04)
Best objective 1.768255062891e-01, best bound 1.768255062891e-01, gap 0.0000%
Optimize a model with 93 rows, 46 columns and 138 nonzeros
Model has 1 quadratic objective term
Variable types: 0 continuous, 46 integer (0 binary)
Coefficient statistics:
  Matrix range     [1e+00, 1e+00]
  Objective range  [9e+00, 9e+00]
  QObjective range [2e+00, 2e+00]
  Bounds range     [0e+00, 0e+00]
  RHS range        [1e+00, 8e+01]
Found heuristic solution: objective 5.8588505
Presolve removed 93 rows and 46 columns
Presolve time: 0.00s
Presolve: All rows and columns removed

Explored 0 nodes (0 simplex iterations) in 0.02 seconds
Thread count was 1 (of 4 available processors)

Solution count 2: 0.176826 5.85885 

Optimal solution found (tolerance 1.00e-04)
Best objective 1.768255062891e-01, best bound 1.768255062891e-01, gap 0.0000%
Optimize a model with 93 rows, 46 columns and 138 nonzeros
Model has 1 quadratic objective term
Variable types: 0 continuous, 46 integer (0 binary)
Coefficient statistics:
  Matrix range     [1e+00, 1e+00]
  Objective range  [9e+00, 9e+00]
  QObjective range [2e+00, 2e+00]
  Bounds range     [0e+00, 0e+00]
  RHS range        [1e+00, 8e+01]
Found heuristic solution: objective 11.6998630
Presolve removed 93 rows and 46 columns
Presolve time: 0.00s
Presolve: All rows and columns removed

Explored 0 nodes (0 simplex iterations) in 0.03 seconds
Thread count was 1 (of 4 available processors)

Solution count 2: 0.176826 11.6999 

Optimal solution found (tolerance 1.00e-04)
Best objective 1.768255062891e-01, best bound 1.768255062891e-01, gap 0.0000%
Optimize a model with 93 rows, 46 columns and 138 nonzeros
Model has 1 quadratic objective term
Variable types: 0 continuous, 46 integer (0 binary)
Coefficient statistics:
  Matrix range     [1e+00, 1e+00]
  Objective range  [9e+00, 9e+00]
  QObjective range [2e+00, 2e+00]
  Bounds range     [0e+00, 0e+00]
  RHS range        [1e+00, 8e+01]
Found heuristic solution: objective 11.6998630
Presolve removed 93 rows and 46 columns
Presolve time: 0.00s
Presolve: All rows and columns removed

Explored 0 nodes (0 simplex iterations) in 0.02 seconds
Thread count was 1 (of 4 available processors)

Solution count 2: 0.176826 11.6999 

Optimal solution found (tolerance 1.00e-04)
Best objective 1.768255062891e-01, best bound 1.768255062891e-01, gap 0.0000%
Optimize a model with 93 rows, 46 columns and 138 nonzeros
Model has 1 quadratic objective term
Variable types: 0 continuous, 46 integer (0 binary)
Coefficient statistics:
  Matrix range     [1e+00, 1e+00]
  Objective range  [9e+00, 9e+00]
  QObjective range [2e+00, 2e+00]
  Bounds range     [0e+00, 0e+00]
  RHS range        [1e+00, 8e+01]
Found heuristic solution: objective 5.8588505
Presolve removed 93 rows and 46 columns
Presolve time: 0.00s
Presolve: All rows and columns removed

Explored 0 nodes (0 simplex iterations) in 0.02 seconds
Thread count was 1 (of 4 available processors)

Solution count 2: 0.176826 5.85885 

Optimal solution found (tolerance 1.00e-04)
Best objective 1.768255062891e-01, best bound 1.768255062891e-01, gap 0.0000%
Optimize a model with 93 rows, 46 columns and 138 nonzeros
Model has 1 quadratic objective term
Variable types: 0 continuous, 46 integer (0 binary)
Coefficient statistics:
  Matrix range     [1e+00, 1e+00]
  Objective range  [9e+00, 9e+00]
  QObjective range [2e+00, 2e+00]
  Bounds range     [0e+00, 0e+00]
  RHS range        [1e+00, 8e+01]
Found heuristic solution: objective 5.8588505
Presolve removed 93 rows and 46 columns
Presolve time: 0.00s
Presolve: All rows and columns removed

Explored 0 nodes (0 simplex iterations) in 0.03 seconds
Thread count was 1 (of 4 available processors)

Solution count 2: 0.176826 5.85885 

Optimal solution found (tolerance 1.00e-04)
Best objective 1.768255062891e-01, best bound 1.768255062891e-01, gap 0.0000%
Optimize a model with 93 rows, 46 columns and 138 nonzeros
Model has 1 quadratic objective term
Variable types: 0 continuous, 46 integer (0 binary)
Coefficient statistics:
  Matrix range     [1e+00, 1e+00]
  Objective range  [9e+00, 9e+00]
  QObjective range [2e+00, 2e+00]
  Bounds range     [0e+00, 0e+00]
  RHS range        [1e+00, 8e+01]
Found heuristic solution: objective 5.8588505
Presolve removed 93 rows and 46 columns
Presolve time: 0.00s
Presolve: All rows and columns removed

Explored 0 nodes (0 simplex iterations) in 0.03 seconds
Thread count was 1 (of 4 available processors)

Solution count 2: 0.176826 5.85885 

Optimal solution found (tolerance 1.00e-04)
Best objective 1.768255062891e-01, best bound 1.768255062891e-01, gap 0.0000%
Optimize a model with 93 rows, 46 columns and 138 nonzeros
Model has 1 quadratic objective term
Variable types: 0 continuous, 46 integer (0 binary)
Coefficient statistics:
  Matrix range     [1e+00, 1e+00]
  Objective range  [9e+00, 9e+00]
  QObjective range [2e+00, 2e+00]
  Bounds range     [0e+00, 0e+00]
  RHS range        [1e+00, 8e+01]
Found heuristic solution: objective 5.8588505
Presolve removed 93 rows and 46 columns
Presolve time: 0.00s
Presolve: All rows and columns removed

Explored 0 nodes (0 simplex iterations) in 0.02 seconds
Thread count was 1 (of 4 available processors)

Solution count 2: 0.176826 5.85885 

Optimal solution found (tolerance 1.00e-04)
Best objective 1.768255062891e-01, best bound 1.768255062891e-01, gap 0.0000%
Optimize a model with 93 rows, 46 columns and 138 nonzeros
Model has 1 quadratic objective term
Variable types: 0 continuous, 46 integer (0 binary)
Coefficient statistics:
  Matrix range     [1e+00, 1e+00]
  Objective range  [9e+00, 9e+00]
  QObjective range [2e+00, 2e+00]
  Bounds range     [0e+00, 0e+00]
  RHS range        [1e+00, 8e+01]
Found heuristic solution: objective 5.8588505
Presolve removed 93 rows and 46 columns
Presolve time: 0.00s
Presolve: All rows and columns removed

Explored 0 nodes (0 simplex iterations) in 0.02 seconds
Thread count was 1 (of 4 available processors)

Solution count 2: 0.176826 5.85885 

Optimal solution found (tolerance 1.00e-04)
Best objective 1.768255062891e-01, best bound 1.768255062891e-01, gap 0.0000%
Optimize a model with 92 rows, 46 columns and 92 nonzeros
Model has 1 quadratic objective term
Variable types: 0 continuous, 46 integer (0 binary)
Coefficient statistics:
  Matrix range     [1e+00, 1e+00]
  Objective range  [9e+00, 9e+00]
  QObjective range [2e+00, 2e+00]
  Bounds range     [0e+00, 0e+00]
  RHS range        [1e+00, 6e+00]
Found heuristic solution: objective 11.6998630
Presolve removed 92 rows and 46 columns
Presolve time: 0.00s
Presolve: All rows and columns removed

Explored 0 nodes (0 simplex iterations) in 0.02 seconds
Thread count was 1 (of 4 available processors)

Solution count 2: 0.176826 11.6999 

Optimal solution found (tolerance 1.00e-04)
Best objective 1.768255062891e-01, best bound 1.768255062891e-01, gap 0.0000%
Optimize a model with 92 rows, 46 columns and 92 nonzeros
Model has 1 quadratic objective term
Variable types: 0 continuous, 46 integer (0 binary)
Coefficient statistics:
  Matrix range     [1e+00, 1e+00]
  Objective range  [9e+00, 9e+00]
  QObjective range [2e+00, 2e+00]
  Bounds range     [0e+00, 0e+00]
  RHS range        [1e+00, 6e+00]
Found heuristic solution: objective 11.6998630
Presolve removed 92 rows and 46 columns
Presolve time: 0.00s
Presolve: All rows and columns removed

Explored 0 nodes (0 simplex iterations) in 0.04 seconds
Thread count was 1 (of 4 available processors)

Solution count 2: 0.176826 11.6999 

Optimal solution found (tolerance 1.00e-04)
Best objective 1.768255062891e-01, best bound 1.768255062891e-01, gap 0.0000%
Optimize a model with 92 rows, 46 columns and 92 nonzeros
Model has 1 quadratic objective term
Variable types: 0 continuous, 46 integer (0 binary)
Coefficient statistics:
  Matrix range     [1e+00, 1e+00]
  Objective range  [9e+00, 9e+00]
  QObjective range [2e+00, 2e+00]
  Bounds range     [0e+00, 0e+00]
  RHS range        [1e+00, 6e+00]
Found heuristic solution: objective 11.6998630
Presolve removed 92 rows and 46 columns
Presolve time: 0.00s
Presolve: All rows and columns removed

Explored 0 nodes (0 simplex iterations) in 0.02 seconds
Thread count was 1 (of 4 available processors)

Solution count 2: 0.176826 11.6999 

Optimal solution found (tolerance 1.00e-04)
Best objective 1.768255062891e-01, best bound 1.768255062891e-01, gap 0.0000%
Optimize a model with 93 rows, 46 columns and 92 nonzeros
Model has 1 quadratic objective term
Variable types: 0 continuous, 46 integer (0 binary)
Coefficient statistics:
  Matrix range     [1e+00, 1e+00]
  Objective range  [9e+00, 9e+00]
  QObjective range [2e+00, 2e+00]
  Bounds range     [0e+00, 0e+00]
  RHS range        [1e+00, 6e+00]
Presolve time: 0.00s

Explored 0 nodes (0 simplex iterations) in 0.01 seconds
Thread count was 1 (of 4 available processors)

Solution count 0

Model is infeasible or unbounded
Best objective -, best bound -, gap -
Optimize a model with 93 rows, 46 columns and 92 nonzeros
Model has 1 quadratic objective term
Variable types: 0 continuous, 46 integer (0 binary)
Coefficient statistics:
  Matrix range     [1e+00, 1e+00]
  Objective range  [9e+00, 9e+00]
  QObjective range [2e+00, 2e+00]
  Bounds range     [0e+00, 0e+00]
  RHS range        [1e+00, 6e+00]
Presolve time: 0.00s

Explored 0 nodes (0 simplex iterations) in 0.01 seconds
Thread count was 1 (of 4 available processors)

Solution count 0

Model is infeasible or unbounded
Best objective -, best bound -, gap -
Optimize a model with 93 rows, 46 columns and 92 nonzeros
Model has 1 quadratic objective term
Variable types: 0 continuous, 46 integer (0 binary)
Coefficient statistics:
  Matrix range     [1e+00, 1e+00]
  Objective range  [9e+00, 9e+00]
  QObjective range [2e+00, 2e+00]
  Bounds range     [0e+00, 0e+00]
  RHS range        [1e+00, 6e+00]
Presolve time: 0.00s

Explored 0 nodes (0 simplex iterations) in 0.01 seconds
Thread count was 1 (of 4 available processors)

Solution count 0

Model is infeasible or unbounded
Best objective -, best bound -, gap -
Optimize a model with 93 rows, 46 columns and 92 nonzeros
Model has 1 quadratic objective term
Variable types: 0 continuous, 46 integer (0 binary)
Coefficient statistics:
  Matrix range     [1e+00, 1e+00]
  Objective range  [9e+00, 9e+00]
  QObjective range [2e+00, 2e+00]
  Bounds range     [0e+00, 0e+00]
  RHS range        [1e+00, 6e+00]
Presolve time: 0.00s

Explored 0 nodes (0 simplex iterations) in 0.01 seconds
Thread count was 1 (of 4 available processors)

Solution count 0

Model is infeasible or unbounded
Best objective -, best bound -, gap -
Optimize a model with 92 rows, 46 columns and 92 nonzeros
Model has 1 quadratic objective term
Variable types: 0 continuous, 46 integer (0 binary)
Coefficient statistics:
  Matrix range     [1e+00, 1e+00]
  Objective range  [9e+00, 9e+00]
  QObjective range [2e+00, 2e+00]
  Bounds range     [0e+00, 0e+00]
  RHS range        [1e+00, 6e+00]
Found heuristic solution: objective 11.6998630
Presolve removed 92 rows and 46 columns
Presolve time: 0.00s
Presolve: All rows and columns removed

Explored 0 nodes (0 simplex iterations) in 0.02 seconds
Thread count was 1 (of 4 available processors)

Solution count 2: 0.176826 11.6999 

Optimal solution found (tolerance 1.00e-04)
Best objective 1.768255062891e-01, best bound 1.768255062891e-01, gap 0.0000%
Optimize a model with 93 rows, 46 columns and 92 nonzeros
Model has 1 quadratic objective term
Variable types: 0 continuous, 46 integer (0 binary)
Coefficient statistics:
  Matrix range     [1e+00, 1e+00]
  Objective range  [9e+00, 9e+00]
  QObjective range [2e+00, 2e+00]
  Bounds range     [0e+00, 0e+00]
  RHS range        [1e+00, 6e+00]
Presolve time: 0.00s

Explored 0 nodes (0 simplex iterations) in 0.01 seconds
Thread count was 1 (of 4 available processors)

Solution count 0

Model is infeasible or unbounded
Best objective -, best bound -, gap -
Optimize a model with 93 rows, 46 columns and 138 nonzeros
Model has 1 quadratic objective term
Variable types: 0 continuous, 46 integer (0 binary)
Coefficient statistics:
  Matrix range     [1e+00, 1e+00]
  Objective range  [9e+00, 9e+00]
  QObjective range [2e+00, 2e+00]
  Bounds range     [0e+00, 0e+00]
  RHS range        [1e+00, 8e+01]
Found heuristic solution: objective 11.6998630
Presolve removed 93 rows and 46 columns
Presolve time: 0.00s
Presolve: All rows and columns removed

Explored 0 nodes (0 simplex iterations) in 0.01 seconds
Thread count was 1 (of 4 available processors)

Solution count 2: 0.176826 11.6999 

Optimal solution found (tolerance 1.00e-04)
Best objective 1.768255062891e-01, best bound 1.768255062891e-01, gap 0.0000%
Optimize a model with 93 rows, 46 columns and 138 nonzeros
Model has 1 quadratic objective term
Variable types: 0 continuous, 46 integer (0 binary)
Coefficient statistics:
  Matrix range     [1e+00, 1e+00]
  Objective range  [9e+00, 9e+00]
  QObjective range [2e+00, 2e+00]
  Bounds range     [0e+00, 0e+00]
  RHS range        [1e+00, 8e+01]
Found heuristic solution: objective 11.6998630
Presolve removed 93 rows and 46 columns
Presolve time: 0.00s
Presolve: All rows and columns removed

Explored 0 nodes (0 simplex iterations) in 0.02 seconds
Thread count was 1 (of 4 available processors)

Solution count 2: 0.176826 11.6999 

Optimal solution found (tolerance 1.00e-04)
Best objective 1.768255062891e-01, best bound 1.768255062891e-01, gap 0.0000%
Optimize a model with 93 rows, 46 columns and 138 nonzeros
Model has 1 quadratic objective term
Variable types: 0 continuous, 46 integer (0 binary)
Coefficient statistics:
  Matrix range     [1e+00, 1e+00]
  Objective range  [9e+00, 9e+00]
  QObjective range [2e+00, 2e+00]
  Bounds range     [0e+00, 0e+00]
  RHS range        [1e+00, 8e+01]
Found heuristic solution: objective 11.6998630
Presolve removed 93 rows and 46 columns
Presolve time: 0.00s
Presolve: All rows and columns removed

Explored 0 nodes (0 simplex iterations) in 0.01 seconds
Thread count was 1 (of 4 available processors)

Solution count 2: 0.176826 11.6999 

Optimal solution found (tolerance 1.00e-04)
Best objective 1.768255062891e-01, best bound 1.768255062891e-01, gap 0.0000%
Optimize a model with 93 rows, 46 columns and 138 nonzeros
Model has 1 quadratic objective term
Variable types: 0 continuous, 46 integer (0 binary)
Coefficient statistics:
  Matrix range     [1e+00, 1e+00]
  Objective range  [9e+00, 9e+00]
  QObjective range [2e+00, 2e+00]
  Bounds range     [0e+00, 0e+00]
  RHS range        [1e+00, 8e+01]
Found heuristic solution: objective 11.6998630
Presolve removed 93 rows and 46 columns
Presolve time: 0.00s
Presolve: All rows and columns removed

Explored 0 nodes (0 simplex iterations) in 0.02 seconds
Thread count was 1 (of 4 available processors)

Solution count 2: 0.176826 11.6999 

Optimal solution found (tolerance 1.00e-04)
Best objective 1.768255062891e-01, best bound 1.768255062891e-01, gap 0.0000%
Optimize a model with 93 rows, 46 columns and 138 nonzeros
Variable types: 0 continuous, 46 integer (0 binary)
Coefficient statistics:
  Matrix range     [1e+00, 1e+00]
  Objective range  [1e+00, 1e+00]
  Bounds range     [0e+00, 0e+00]
  RHS range        [1e+00, 8e+01]
Found heuristic solution: objective -3.4205062
Presolve removed 93 rows and 46 columns
Presolve time: 0.00s
Presolve: All rows and columns removed

Explored 0 nodes (0 simplex iterations) in 0.01 seconds
Thread count was 1 (of 4 available processors)

Solution count 1: -3.42051 

Optimal solution found (tolerance 1.00e-04)
Best objective -3.420506250000e+00, best bound -3.420506250000e+00, gap 0.0000%
Optimize a model with 93 rows, 46 columns and 138 nonzeros
Variable types: 0 continuous, 46 integer (0 binary)
Coefficient statistics:
  Matrix range     [1e+00, 1e+00]
  Objective range  [1e+00, 1e+00]
  Bounds range     [0e+00, 0e+00]
  RHS range        [1e+00, 8e+01]
Found heuristic solution: objective -2.4205062
Presolve removed 93 rows and 46 columns
Presolve time: 0.00s
Presolve: All rows and columns removed

Explored 0 nodes (0 simplex iterations) in 0.01 seconds
Thread count was 1 (of 4 available processors)

Solution count 2: -3.42051 -2.42051 

Optimal solution found (tolerance 1.00e-04)
Best objective -3.420506250000e+00, best bound -3.420506250000e+00, gap 0.0000%
Optimize a model with 93 rows, 46 columns and 138 nonzeros
Model has 1 quadratic objective term
Variable types: 0 continuous, 46 integer (0 binary)
Coefficient statistics:
  Matrix range     [1e+00, 1e+00]
  Objective range  [9e+00, 9e+00]
  QObjective range [2e+00, 2e+00]
  Bounds range     [0e+00, 0e+00]
  RHS range        [1e+00, 8e+01]
Found heuristic solution: objective 5.8588505
Presolve removed 93 rows and 46 columns
Presolve time: 0.00s
Presolve: All rows and columns removed

Explored 0 nodes (0 simplex iterations) in 0.01 seconds
Thread count was 1 (of 4 available processors)

Solution count 2: 0.176826 5.85885 

Optimal solution found (tolerance 1.00e-04)
Best objective 1.768255062891e-01, best bound 1.768255062891e-01, gap 0.0000%
Optimize a model with 93 rows, 46 columns and 138 nonzeros
Model has 1 quadratic objective term
Variable types: 0 continuous, 46 integer (0 binary)
Coefficient statistics:
  Matrix range     [1e+00, 1e+00]
  Objective range  [9e+00, 9e+00]
  QObjective range [2e+00, 2e+00]
  Bounds range     [0e+00, 0e+00]
  RHS range        [1e+00, 8e+01]
Found heuristic solution: objective 11.6998630
Presolve removed 93 rows and 46 columns
Presolve time: 0.00s
Presolve: All rows and columns removed

Explored 0 nodes (0 simplex iterations) in 0.01 seconds
Thread count was 1 (of 4 available processors)

Solution count 2: 0.176826 11.6999 

Optimal solution found (tolerance 1.00e-04)
Best objective 1.768255062891e-01, best bound 1.768255062891e-01, gap 0.0000%
Optimize a model with 93 rows, 46 columns and 138 nonzeros
Model has 1 quadratic objective term
Variable types: 0 continuous, 46 integer (0 binary)
Coefficient statistics:
  Matrix range     [1e+00, 1e+00]
  Objective range  [9e+00, 9e+00]
  QObjective range [2e+00, 2e+00]
  Bounds range     [0e+00, 0e+00]
  RHS range        [1e+00, 8e+01]
Found heuristic solution: objective 11.6998630
Presolve removed 93 rows and 46 columns
Presolve time: 0.00s
Presolve: All rows and columns removed

Explored 0 nodes (0 simplex iterations) in 0.02 seconds
Thread count was 1 (of 4 available processors)

Solution count 2: 0.176826 11.6999 

Optimal solution found (tolerance 1.00e-04)
Best objective 1.768255062891e-01, best bound 1.768255062891e-01, gap 0.0000%
Optimize a model with 93 rows, 46 columns and 138 nonzeros
Model has 1 quadratic objective term
Variable types: 0 continuous, 46 integer (0 binary)
Coefficient statistics:
  Matrix range     [1e+00, 1e+00]
  Objective range  [9e+00, 9e+00]
  QObjective range [2e+00, 2e+00]
  Bounds range     [0e+00, 0e+00]
  RHS range        [1e+00, 8e+01]
Found heuristic solution: objective 11.6998630
Presolve removed 93 rows and 46 columns
Presolve time: 0.00s
Presolve: All rows and columns removed

Explored 0 nodes (0 simplex iterations) in 0.02 seconds
Thread count was 1 (of 4 available processors)

Solution count 2: 0.176826 11.6999 

Optimal solution found (tolerance 1.00e-04)
Best objective 1.768255062891e-01, best bound 1.768255062891e-01, gap 0.0000%
Optimize a model with 93 rows, 46 columns and 138 nonzeros
Model has 1 quadratic objective term
Variable types: 0 continuous, 46 integer (0 binary)
Coefficient statistics:
  Matrix range     [1e+00, 1e+00]
  Objective range  [9e+00, 9e+00]
  QObjective range [2e+00, 2e+00]
  Bounds range     [0e+00, 0e+00]
  RHS range        [1e+00, 8e+01]
Found heuristic solution: objective 11.6998630
Presolve removed 93 rows and 46 columns
Presolve time: 0.00s
Presolve: All rows and columns removed

Explored 0 nodes (0 simplex iterations) in 0.01 seconds
Thread count was 1 (of 4 available processors)

Solution count 2: 0.176826 11.6999 

Optimal solution found (tolerance 1.00e-04)
Best objective 1.768255062891e-01, best bound 1.768255062891e-01, gap 0.0000%
Optimize a model with 93 rows, 46 columns and 138 nonzeros
Model has 1 quadratic objective term
Variable types: 0 continuous, 46 integer (0 binary)
Coefficient statistics:
  Matrix range     [1e+00, 1e+00]
  Objective range  [9e+00, 9e+00]
  QObjective range [2e+00, 2e+00]
  Bounds range     [0e+00, 0e+00]
  RHS range        [1e+00, 8e+01]
Found heuristic solution: objective 11.6998630
Presolve removed 93 rows and 46 columns
Presolve time: 0.00s
Presolve: All rows and columns removed

Explored 0 nodes (0 simplex iterations) in 0.01 seconds
Thread count was 1 (of 4 available processors)

Solution count 2: 0.176826 11.6999 

Optimal solution found (tolerance 1.00e-04)
Best objective 1.768255062891e-01, best bound 1.768255062891e-01, gap 0.0000%
Optimize a model with 93 rows, 46 columns and 138 nonzeros
Model has 1 quadratic objective term
Variable types: 0 continuous, 46 integer (0 binary)
Coefficient statistics:
  Matrix range     [1e+00, 1e+00]
  Objective range  [9e+00, 9e+00]
  QObjective range [2e+00, 2e+00]
  Bounds range     [0e+00, 0e+00]
  RHS range        [1e+00, 8e+01]
Found heuristic solution: objective 11.6998630
Presolve removed 93 rows and 46 columns
Presolve time: 0.00s
Presolve: All rows and columns removed

Explored 0 nodes (0 simplex iterations) in 0.01 seconds
Thread count was 1 (of 4 available processors)

Solution count 2: 0.176826 11.6999 

Optimal solution found (tolerance 1.00e-04)
Best objective 1.768255062891e-01, best bound 1.768255062891e-01, gap 0.0000%
Optimize a model with 93 rows, 46 columns and 138 nonzeros
Model has 1 quadratic objective term
Variable types: 0 continuous, 46 integer (0 binary)
Coefficient statistics:
  Matrix range     [1e+00, 1e+00]
  Objective range  [9e+00, 9e+00]
  QObjective range [2e+00, 2e+00]
  Bounds range     [0e+00, 0e+00]
  RHS range        [1e+00, 8e+01]
Found heuristic solution: objective 11.6998630
Presolve removed 93 rows and 46 columns
Presolve time: 0.00s
Presolve: All rows and columns removed

Explored 0 nodes (0 simplex iterations) in 0.01 seconds
Thread count was 1 (of 4 available processors)

Solution count 2: 0.176826 11.6999 

Optimal solution found (tolerance 1.00e-04)
Best objective 1.768255062891e-01, best bound 1.768255062891e-01, gap 0.0000%
Optimize a model with 93 rows, 46 columns and 138 nonzeros
Model has 5 quadratic objective terms
Variable types: 0 continuous, 46 integer (0 binary)
Coefficient statistics:
  Matrix range     [1e+00, 1e+00]
  Objective range  [2e+00, 9e+00]
  QObjective range [2e+00, 2e+00]
  Bounds range     [0e+00, 0e+00]
  RHS range        [1e+00, 8e+01]
Found heuristic solution: objective 19.6997336
Presolve removed 93 rows and 46 columns
Presolve time: 0.00s
Presolve: All rows and columns removed

Explored 0 nodes (0 simplex iterations) in 0.02 seconds
Thread count was 1 (of 4 available processors)

Solution count 2: 0.392196 19.6997 

Optimal solution found (tolerance 1.00e-04)
Best objective 3.921961469141e-01, best bound 3.921961469141e-01, gap 0.0000%
Optimize a model with 93 rows, 46 columns and 138 nonzeros
Model has 5 quadratic objective terms
Variable types: 0 continuous, 46 integer (0 binary)
Coefficient statistics:
  Matrix range     [1e+00, 1e+00]
  Objective range  [2e+00, 9e+00]
  QObjective range [2e+00, 2e+00]
  Bounds range     [0e+00, 0e+00]
  RHS range        [1e+00, 8e+01]
Found heuristic solution: objective 17.3147336
Presolve removed 93 rows and 46 columns
Presolve time: 0.00s
Presolve: All rows and columns removed

Explored 0 nodes (0 simplex iterations) in 0.02 seconds
Thread count was 1 (of 4 available processors)

Solution count 2: 0.392196 17.3147 

Optimal solution found (tolerance 1.00e-04)
Best objective 3.921961469141e-01, best bound 3.921961469141e-01, gap 0.0000%
Optimize a model with 93 rows, 46 columns and 138 nonzeros
Model has 5 quadratic objective terms
Variable types: 0 continuous, 46 integer (0 binary)
Coefficient statistics:
  Matrix range     [1e+00, 1e+00]
  Objective range  [2e+00, 9e+00]
  QObjective range [2e+00, 2e+00]
  Bounds range     [0e+00, 0e+00]
  RHS range        [1e+00, 8e+01]
Found heuristic solution: objective 19.6997336
Presolve removed 93 rows and 46 columns
Presolve time: 0.00s
Presolve: All rows and columns removed

Explored 0 nodes (0 simplex iterations) in 0.02 seconds
Thread count was 1 (of 4 available processors)

Solution count 2: 0.392196 19.6997 

Optimal solution found (tolerance 1.00e-04)
Best objective 3.921961469141e-01, best bound 3.921961469141e-01, gap 0.0000%
Optimize a model with 93 rows, 46 columns and 138 nonzeros
Model has 5 quadratic objective terms
Variable types: 0 continuous, 46 integer (0 binary)
Coefficient statistics:
  Matrix range     [1e+00, 1e+00]
  Objective range  [2e+00, 9e+00]
  QObjective range [2e+00, 2e+00]
  Bounds range     [0e+00, 0e+00]
  RHS range        [1e+00, 8e+01]
Found heuristic solution: objective 17.3147336
Presolve removed 93 rows and 46 columns
Presolve time: 0.00s
Presolve: All rows and columns removed

Explored 0 nodes (0 simplex iterations) in 0.01 seconds
Thread count was 1 (of 4 available processors)

Solution count 2: 0.392196 17.3147 

Optimal solution found (tolerance 1.00e-04)
Best objective 3.921961469141e-01, best bound 3.921961469141e-01, gap 0.0000%
Optimize a model with 93 rows, 46 columns and 138 nonzeros
Model has 5 quadratic objective terms
Variable types: 0 continuous, 46 integer (0 binary)
Coefficient statistics:
  Matrix range     [1e+00, 1e+00]
  Objective range  [2e+00, 9e+00]
  QObjective range [2e+00, 2e+00]
  Bounds range     [0e+00, 0e+00]
  RHS range        [1e+00, 8e+01]
Found heuristic solution: objective 17.3147336
Presolve removed 93 rows and 46 columns
Presolve time: 0.00s
Presolve: All rows and columns removed

Explored 0 nodes (0 simplex iterations) in 0.01 seconds
Thread count was 1 (of 4 available processors)

Solution count 2: 0.392196 17.3147 

Optimal solution found (tolerance 1.00e-04)
Best objective 3.921961469141e-01, best bound 3.921961469141e-01, gap 0.0000%
Optimize a model with 93 rows, 46 columns and 138 nonzeros
Model has 90 quadratic objective terms
Variable types: 0 continuous, 46 integer (0 binary)
Coefficient statistics:
  Matrix range     [1e+00, 1e+00]
  Objective range  [2e+00, 9e+00]
  QObjective range [1e-01, 4e+00]
  Bounds range     [0e+00, 0e+00]
  RHS range        [1e+00, 8e+01]
Found heuristic solution: objective 28.0897336
Presolve removed 92 rows and 0 columns
Presolve time: 0.01s
Presolved: 1 rows, 46 columns, 46 nonzeros
Presolved model has 90 quadratic objective terms
Variable types: 0 continuous, 46 integer (0 binary)

Root relaxation: objective 4.366404e-01, 48 iterations, 0.01 seconds

    Nodes    |    Current Node    |     Objective Bounds      |     Work
 Expl Unexpl |  Obj  Depth IntInf | Incumbent    BestBd   Gap | It/Node Time

     0     0    0.43664    0   44   28.08973    0.43664  98.4%     -    0s
H    0     0                       3.3149461    0.43664  86.8%     -    0s
H    0     0                       0.7046961    0.43664  38.0%     -    0s
     0     0    0.70452    0   42    0.70470    0.70452  0.02%     -    0s
     0     0    0.70452    0   41    0.70470    0.70452  0.02%     -    0s
     0     0    0.70452    0   41    0.70470    0.70452  0.02%     -    0s
     0     0    0.70452    0   41    0.70470    0.70452  0.02%     -    0s

Explored 1 nodes (55 simplex iterations) in 0.15 seconds
Thread count was 4 (of 4 available processors)

Solution count 3: 0.704696 3.31495 28.0897 

Optimal solution found (tolerance 1.00e-04)
Best objective 7.046961469135e-01, best bound 7.046961469135e-01, gap 0.0000%
Optimize a model with 93 rows, 46 columns and 138 nonzeros
Model has 5 quadratic objective terms
Variable types: 0 continuous, 46 integer (0 binary)
Coefficient statistics:
  Matrix range     [1e+00, 1e+00]
  Objective range  [2e+00, 9e+00]
  QObjective range [2e+00, 2e+00]
  Bounds range     [0e+00, 0e+00]
  RHS range        [1e+00, 8e+01]
Found heuristic solution: objective 17.3147336
Presolve removed 93 rows and 46 columns
Presolve time: 0.00s
Presolve: All rows and columns removed

Explored 0 nodes (0 simplex iterations) in 0.02 seconds
Thread count was 1 (of 4 available processors)

Solution count 2: 0.392196 17.3147 

Optimal solution found (tolerance 1.00e-04)
Best objective 3.921961469141e-01, best bound 3.921961469141e-01, gap 0.0000%
Optimize a model with 93 rows, 46 columns and 138 nonzeros
Model has 90 quadratic objective terms
Variable types: 0 continuous, 46 integer (0 binary)
Coefficient statistics:
  Matrix range     [1e+00, 1e+00]
  Objective range  [2e+00, 9e+00]
  QObjective range [1e-01, 4e+00]
  Bounds range     [0e+00, 0e+00]
  RHS range        [1e+00, 8e+01]
Found heuristic solution: objective 28.0897336
Presolve removed 92 rows and 0 columns
Presolve time: 0.00s
Presolved: 1 rows, 46 columns, 46 nonzeros
Presolved model has 90 quadratic objective terms
Variable types: 0 continuous, 46 integer (0 binary)

Root relaxation: objective 4.366404e-01, 48 iterations, 0.00 seconds

    Nodes    |    Current Node    |     Objective Bounds      |     Work
 Expl Unexpl |  Obj  Depth IntInf | Incumbent    BestBd   Gap | It/Node Time

     0     0    0.43664    0   44   28.08973    0.43664  98.4%     -    0s
H    0     0                       3.3149461    0.43664  86.8%     -    0s
H    0     0                       0.7046961    0.43664  38.0%     -    0s
     0     0    0.70452    0   42    0.70470    0.70452  0.02%     -    0s
     0     0    0.70452    0   41    0.70470    0.70452  0.02%     -    0s
     0     0    0.70452    0   41    0.70470    0.70452  0.02%     -    0s
     0     0    0.70452    0   41    0.70470    0.70452  0.02%     -    0s

Explored 1 nodes (55 simplex iterations) in 0.08 seconds
Thread count was 4 (of 4 available processors)

Solution count 3: 0.704696 3.31495 28.0897 

Optimal solution found (tolerance 1.00e-04)
Best objective 7.046961469135e-01, best bound 7.046961469135e-01, gap 0.0000%
Optimize a model with 93 rows, 46 columns and 138 nonzeros
Model has 5 quadratic objective terms
Variable types: 0 continuous, 46 integer (0 binary)
Coefficient statistics:
  Matrix range     [1e+00, 1e+00]
  Objective range  [2e+00, 9e+00]
  QObjective range [2e+00, 2e+00]
  Bounds range     [0e+00, 0e+00]
  RHS range        [1e+00, 8e+01]
Found heuristic solution: objective 17.3147336
Presolve removed 93 rows and 46 columns
Presolve time: 0.00s
Presolve: All rows and columns removed

Explored 0 nodes (0 simplex iterations) in 0.01 seconds
Thread count was 1 (of 4 available processors)

Solution count 2: 0.392196 17.3147 

Optimal solution found (tolerance 1.00e-04)
Best objective 3.921961469141e-01, best bound 3.921961469141e-01, gap 0.0000%
Optimize a model with 93 rows, 46 columns and 138 nonzeros
Model has 5 quadratic objective terms
Variable types: 0 continuous, 46 integer (0 binary)
Coefficient statistics:
  Matrix range     [1e+00, 1e+00]
  Objective range  [2e+00, 9e+00]
  QObjective range [2e+00, 2e+00]
  Bounds range     [0e+00, 0e+00]
  RHS range        [1e+00, 8e+01]
Found heuristic solution: objective 19.6997336
Presolve removed 93 rows and 46 columns
Presolve time: 0.00s
Presolve: All rows and columns removed

Explored 0 nodes (0 simplex iterations) in 0.01 seconds
Thread count was 1 (of 4 available processors)

Solution count 2: 0.392196 19.6997 

Optimal solution found (tolerance 1.00e-04)
Best objective 3.921961469141e-01, best bound 3.921961469141e-01, gap 0.0000%
Optimize a model with 93 rows, 46 columns and 138 nonzeros
Model has 90 quadratic objective terms
Variable types: 0 continuous, 46 integer (0 binary)
Coefficient statistics:
  Matrix range     [1e+00, 1e+00]
  Objective range  [2e+00, 9e+00]
  QObjective range [1e-01, 4e+00]
  Bounds range     [0e+00, 0e+00]
  RHS range        [1e+00, 8e+01]
Found heuristic solution: objective 32.8497336
Presolve removed 92 rows and 0 columns
Presolve time: 0.00s
Presolved: 1 rows, 46 columns, 46 nonzeros
Presolved model has 90 quadratic objective terms
Variable types: 0 continuous, 46 integer (0 binary)

Root relaxation: objective 5.590552e-01, 44 iterations, 0.00 seconds

    Nodes    |    Current Node    |     Objective Bounds      |     Work
 Expl Unexpl |  Obj  Depth IntInf | Incumbent    BestBd   Gap | It/Node Time

     0     0    0.55906    0   40   32.84973    0.55906  98.3%     -    0s
H    0     0                       0.7046961    0.55906  20.7%     -    0s
     0     0     cutoff    0         0.70470    0.70470  0.00%     -    0s

Explored 1 nodes (52 simplex iterations) in 0.04 seconds
Thread count was 4 (of 4 available processors)

Solution count 2: 0.704696 32.8497 

Optimal solution found (tolerance 1.00e-04)
Best objective 7.046961469135e-01, best bound 7.046961469135e-01, gap 0.0000%
Optimize a model with 93 rows, 46 columns and 138 nonzeros
Model has 90 quadratic objective terms
Variable types: 0 continuous, 46 integer (0 binary)
Coefficient statistics:
  Matrix range     [1e+00, 1e+00]
  Objective range  [2e+00, 9e+00]
  QObjective range [1e-01, 4e+00]
  Bounds range     [0e+00, 0e+00]
  RHS range        [1e+00, 8e+01]
Found heuristic solution: objective 32.8497336
Presolve removed 92 rows and 0 columns
Presolve time: 0.00s
Presolved: 1 rows, 46 columns, 46 nonzeros
Presolved model has 90 quadratic objective terms
Variable types: 0 continuous, 46 integer (0 binary)

Root relaxation: objective 5.590552e-01, 44 iterations, 0.00 seconds

    Nodes    |    Current Node    |     Objective Bounds      |     Work
 Expl Unexpl |  Obj  Depth IntInf | Incumbent    BestBd   Gap | It/Node Time

     0     0    0.55906    0   40   32.84973    0.55906  98.3%     -    0s
H    0     0                       0.7046961    0.55906  20.7%     -    0s
     0     0     cutoff    0         0.70470    0.70470  0.00%     -    0s

Explored 1 nodes (52 simplex iterations) in 0.05 seconds
Thread count was 4 (of 4 available processors)

Solution count 2: 0.704696 32.8497 

Optimal solution found (tolerance 1.00e-04)
Best objective 7.046961469135e-01, best bound 7.046961469135e-01, gap 0.0000%
Optimize a model with 93 rows, 46 columns and 138 nonzeros
Model has 90 quadratic objective terms
Variable types: 0 continuous, 46 integer (0 binary)
Coefficient statistics:
  Matrix range     [1e+00, 1e+00]
  Objective range  [2e+00, 9e+00]
  QObjective range [1e-01, 4e+00]
  Bounds range     [0e+00, 0e+00]
  RHS range        [1e+00, 8e+01]
Found heuristic solution: objective 28.0897336
Presolve removed 92 rows and 0 columns
Presolve time: 0.00s
Presolved: 1 rows, 46 columns, 46 nonzeros
Presolved model has 90 quadratic objective terms
Variable types: 0 continuous, 46 integer (0 binary)

Root relaxation: objective 4.366404e-01, 48 iterations, 0.00 seconds

    Nodes    |    Current Node    |     Objective Bounds      |     Work
 Expl Unexpl |  Obj  Depth IntInf | Incumbent    BestBd   Gap | It/Node Time

     0     0    0.43664    0   44   28.08973    0.43664  98.4%     -    0s
H    0     0                       3.3149461    0.43664  86.8%     -    0s
H    0     0                       0.7046961    0.43664  38.0%     -    0s
     0     0    0.70452    0   42    0.70470    0.70452  0.02%     -    0s
     0     0    0.70452    0   41    0.70470    0.70452  0.02%     -    0s
     0     0    0.70452    0   41    0.70470    0.70452  0.02%     -    0s
     0     0    0.70452    0   41    0.70470    0.70452  0.02%     -    0s

Explored 1 nodes (55 simplex iterations) in 0.06 seconds
Thread count was 4 (of 4 available processors)

Solution count 3: 0.704696 3.31495 28.0897 

Optimal solution found (tolerance 1.00e-04)
Best objective 7.046961469135e-01, best bound 7.046961469135e-01, gap 0.0000%
Optimize a model with 93 rows, 46 columns and 138 nonzeros
Model has 90 quadratic objective terms
Variable types: 0 continuous, 46 integer (0 binary)
Coefficient statistics:
  Matrix range     [1e+00, 1e+00]
  Objective range  [2e+00, 9e+00]
  QObjective range [1e-01, 4e+00]
  Bounds range     [0e+00, 0e+00]
  RHS range        [1e+00, 8e+01]
Found heuristic solution: objective 32.8497336
Presolve removed 92 rows and 0 columns
Presolve time: 0.00s
Presolved: 1 rows, 46 columns, 46 nonzeros
Presolved model has 90 quadratic objective terms
Variable types: 0 continuous, 46 integer (0 binary)

Root relaxation: objective 5.590552e-01, 44 iterations, 0.00 seconds

    Nodes    |    Current Node    |     Objective Bounds      |     Work
 Expl Unexpl |  Obj  Depth IntInf | Incumbent    BestBd   Gap | It/Node Time

     0     0    0.55906    0   40   32.84973    0.55906  98.3%     -    0s
H    0     0                       0.7046961    0.55906  20.7%     -    0s
     0     0     cutoff    0         0.70470    0.70470  0.00%     -    0s

Explored 1 nodes (52 simplex iterations) in 0.04 seconds
Thread count was 4 (of 4 available processors)

Solution count 2: 0.704696 32.8497 

Optimal solution found (tolerance 1.00e-04)
Best objective 7.046961469135e-01, best bound 7.046961469135e-01, gap 0.0000%
Optimize a model with 93 rows, 46 columns and 138 nonzeros
Model has 90 quadratic objective terms
Variable types: 0 continuous, 46 integer (0 binary)
Coefficient statistics:
  Matrix range     [1e+00, 1e+00]
  Objective range  [2e+00, 9e+00]
  QObjective range [1e-01, 4e+00]
  Bounds range     [0e+00, 0e+00]
  RHS range        [1e+00, 8e+01]
Found heuristic solution: objective 32.8497336
Presolve removed 92 rows and 0 columns
Presolve time: 0.00s
Presolved: 1 rows, 46 columns, 46 nonzeros
Presolved model has 90 quadratic objective terms
Variable types: 0 continuous, 46 integer (0 binary)

Root relaxation: objective 5.590552e-01, 44 iterations, 0.00 seconds

    Nodes    |    Current Node    |     Objective Bounds      |     Work
 Expl Unexpl |  Obj  Depth IntInf | Incumbent    BestBd   Gap | It/Node Time

     0     0    0.55906    0   40   32.84973    0.55906  98.3%     -    0s
H    0     0                       0.7046961    0.55906  20.7%     -    0s
     0     0     cutoff    0         0.70470    0.70470  0.00%     -    0s

Explored 1 nodes (52 simplex iterations) in 0.05 seconds
Thread count was 4 (of 4 available processors)

Solution count 2: 0.704696 32.8497 

Optimal solution found (tolerance 1.00e-04)
Best objective 7.046961469135e-01, best bound 7.046961469135e-01, gap 0.0000%
Optimize a model with 93 rows, 46 columns and 138 nonzeros
Model has 90 quadratic objective terms
Variable types: 0 continuous, 46 integer (0 binary)
Coefficient statistics:
  Matrix range     [1e+00, 1e+00]
  Objective range  [2e+00, 9e+00]
  QObjective range [1e-01, 4e+00]
  Bounds range     [0e+00, 0e+00]
  RHS range        [1e+00, 8e+01]
Found heuristic solution: objective 32.8497336
Presolve removed 92 rows and 0 columns
Presolve time: 0.00s
Presolved: 1 rows, 46 columns, 46 nonzeros
Presolved model has 90 quadratic objective terms
Variable types: 0 continuous, 46 integer (0 binary)

Root relaxation: objective 5.590552e-01, 44 iterations, 0.00 seconds

    Nodes    |    Current Node    |     Objective Bounds      |     Work
 Expl Unexpl |  Obj  Depth IntInf | Incumbent    BestBd   Gap | It/Node Time

     0     0    0.55906    0   40   32.84973    0.55906  98.3%     -    0s
H    0     0                       0.7046961    0.55906  20.7%     -    0s
     0     0     cutoff    0         0.70470    0.70470  0.00%     -    0s

Explored 1 nodes (52 simplex iterations) in 0.05 seconds
Thread count was 4 (of 4 available processors)

Solution count 2: 0.704696 32.8497 

Optimal solution found (tolerance 1.00e-04)
Best objective 7.046961469135e-01, best bound 7.046961469135e-01, gap 0.0000%
Optimize a model with 93 rows, 46 columns and 138 nonzeros
Model has 90 quadratic objective terms
Variable types: 0 continuous, 46 integer (0 binary)
Coefficient statistics:
  Matrix range     [1e+00, 1e+00]
  Objective range  [2e+00, 9e+00]
  QObjective range [1e-01, 4e+00]
  Bounds range     [0e+00, 0e+00]
  RHS range        [1e+00, 8e+01]
Found heuristic solution: objective 32.8497336
Presolve removed 92 rows and 0 columns
Presolve time: 0.00s
Presolved: 1 rows, 46 columns, 46 nonzeros
Presolved model has 90 quadratic objective terms
Variable types: 0 continuous, 46 integer (0 binary)

Root relaxation: objective 5.590552e-01, 44 iterations, 0.00 seconds

    Nodes    |    Current Node    |     Objective Bounds      |     Work
 Expl Unexpl |  Obj  Depth IntInf | Incumbent    BestBd   Gap | It/Node Time

     0     0    0.55906    0   40   32.84973    0.55906  98.3%     -    0s
H    0     0                       0.7046961    0.55906  20.7%     -    0s
     0     0     cutoff    0         0.70470    0.70470  0.00%     -    0s

Explored 1 nodes (52 simplex iterations) in 0.05 seconds
Thread count was 4 (of 4 available processors)

Solution count 2: 0.704696 32.8497 

Optimal solution found (tolerance 1.00e-04)
Best objective 7.046961469135e-01, best bound 7.046961469135e-01, gap 0.0000%
Optimize a model with 93 rows, 46 columns and 138 nonzeros
Model has 90 quadratic objective terms
Variable types: 0 continuous, 46 integer (0 binary)
Coefficient statistics:
  Matrix range     [1e+00, 1e+00]
  Objective range  [2e+00, 9e+00]
  QObjective range [1e-01, 4e+00]
  Bounds range     [0e+00, 0e+00]
  RHS range        [1e+00, 8e+01]
Found heuristic solution: objective 32.8497336
Presolve removed 92 rows and 0 columns
Presolve time: 0.00s
Presolved: 1 rows, 46 columns, 46 nonzeros
Presolved model has 90 quadratic objective terms
Variable types: 0 continuous, 46 integer (0 binary)

Root relaxation: objective 5.590552e-01, 44 iterations, 0.00 seconds

    Nodes    |    Current Node    |     Objective Bounds      |     Work
 Expl Unexpl |  Obj  Depth IntInf | Incumbent    BestBd   Gap | It/Node Time

     0     0    0.55906    0   40   32.84973    0.55906  98.3%     -    0s
H    0     0                       0.7046961    0.55906  20.7%     -    0s
     0     0     cutoff    0         0.70470    0.70470  0.00%     -    0s

Explored 1 nodes (52 simplex iterations) in 0.06 seconds
Thread count was 4 (of 4 available processors)

Solution count 2: 0.704696 32.8497 

Optimal solution found (tolerance 1.00e-04)
Best objective 7.046961469135e-01, best bound 7.046961469135e-01, gap 0.0000%
Optimize a model with 93 rows, 46 columns and 138 nonzeros
Model has 90 quadratic objective terms
Variable types: 0 continuous, 46 integer (0 binary)
Coefficient statistics:
  Matrix range     [1e+00, 1e+00]
  Objective range  [2e+00, 9e+00]
  QObjective range [1e-01, 4e+00]
  Bounds range     [0e+00, 0e+00]
  RHS range        [1e+00, 8e+01]
Found heuristic solution: objective 32.8497336
Presolve removed 92 rows and 0 columns
Presolve time: 0.00s
Presolved: 1 rows, 46 columns, 46 nonzeros
Presolved model has 90 quadratic objective terms
Variable types: 0 continuous, 46 integer (0 binary)

Root relaxation: objective 5.590552e-01, 44 iterations, 0.00 seconds

    Nodes    |    Current Node    |     Objective Bounds      |     Work
 Expl Unexpl |  Obj  Depth IntInf | Incumbent    BestBd   Gap | It/Node Time

     0     0    0.55906    0   40   32.84973    0.55906  98.3%     -    0s
H    0     0                       0.7046961    0.55906  20.7%     -    0s
     0     0     cutoff    0         0.70470    0.70470  0.00%     -    0s

Explored 1 nodes (52 simplex iterations) in 0.06 seconds
Thread count was 4 (of 4 available processors)

Solution count 2: 0.704696 32.8497 

Optimal solution found (tolerance 1.00e-04)
Best objective 7.046961469135e-01, best bound 7.046961469135e-01, gap 0.0000%
Optimize a model with 93 rows, 46 columns and 138 nonzeros
Model has 90 quadratic objective terms
Variable types: 0 continuous, 46 integer (0 binary)
Coefficient statistics:
  Matrix range     [1e+00, 1e+00]
  Objective range  [2e+00, 9e+00]
  QObjective range [1e-01, 4e+00]
  Bounds range     [0e+00, 0e+00]
  RHS range        [1e+00, 8e+01]
Found heuristic solution: objective 32.8497336
Presolve removed 92 rows and 0 columns
Presolve time: 0.00s
Presolved: 1 rows, 46 columns, 46 nonzeros
Presolved model has 90 quadratic objective terms
Variable types: 0 continuous, 46 integer (0 binary)

Root relaxation: objective 5.590552e-01, 44 iterations, 0.00 seconds

    Nodes    |    Current Node    |     Objective Bounds      |     Work
 Expl Unexpl |  Obj  Depth IntInf | Incumbent    BestBd   Gap | It/Node Time

     0     0    0.55906    0   40   32.84973    0.55906  98.3%     -    0s
H    0     0                       0.7046961    0.55906  20.7%     -    0s
     0     0     cutoff    0         0.70470    0.70470  0.00%     -    0s

Explored 1 nodes (52 simplex iterations) in 0.06 seconds
Thread count was 4 (of 4 available processors)

Solution count 2: 0.704696 32.8497 

Optimal solution found (tolerance 1.00e-04)
Best objective 7.046961469135e-01, best bound 7.046961469135e-01, gap 0.0000%
Optimize a model with 93 rows, 46 columns and 138 nonzeros
Model has 90 quadratic objective terms
Variable types: 0 continuous, 46 integer (0 binary)
Coefficient statistics:
  Matrix range     [1e+00, 1e+00]
  Objective range  [2e+00, 9e+00]
  QObjective range [1e-01, 4e+00]
  Bounds range     [0e+00, 0e+00]
  RHS range        [1e+00, 8e+01]
Found heuristic solution: objective 32.8497336
Presolve removed 92 rows and 0 columns
Presolve time: 0.00s
Presolved: 1 rows, 46 columns, 46 nonzeros
Presolved model has 90 quadratic objective terms
Variable types: 0 continuous, 46 integer (0 binary)

Root relaxation: objective 5.590552e-01, 44 iterations, 0.00 seconds

    Nodes    |    Current Node    |     Objective Bounds      |     Work
 Expl Unexpl |  Obj  Depth IntInf | Incumbent    BestBd   Gap | It/Node Time

     0     0    0.55906    0   40   32.84973    0.55906  98.3%     -    0s
H    0     0                       0.7046961    0.55906  20.7%     -    0s
     0     0     cutoff    0         0.70470    0.70470  0.00%     -    0s

Explored 1 nodes (52 simplex iterations) in 0.06 seconds
Thread count was 4 (of 4 available processors)

Solution count 2: 0.704696 32.8497 

Optimal solution found (tolerance 1.00e-04)
Best objective 7.046961469135e-01, best bound 7.046961469135e-01, gap 0.0000%
Optimize a model with 93 rows, 46 columns and 138 nonzeros
Model has 90 quadratic objective terms
Variable types: 0 continuous, 46 integer (0 binary)
Coefficient statistics:
  Matrix range     [1e+00, 1e+00]
  Objective range  [2e+00, 9e+00]
  QObjective range [1e-01, 4e+00]
  Bounds range     [0e+00, 0e+00]
  RHS range        [1e+00, 8e+01]
Found heuristic solution: objective 32.8497336
Presolve removed 92 rows and 0 columns
Presolve time: 0.00s
Presolved: 1 rows, 46 columns, 46 nonzeros
Presolved model has 90 quadratic objective terms
Variable types: 0 continuous, 46 integer (0 binary)

Root relaxation: objective 5.590552e-01, 44 iterations, 0.00 seconds

    Nodes    |    Current Node    |     Objective Bounds      |     Work
 Expl Unexpl |  Obj  Depth IntInf | Incumbent    BestBd   Gap | It/Node Time

     0     0    0.55906    0   40   32.84973    0.55906  98.3%     -    0s
H    0     0                       0.7046961    0.55906  20.7%     -    0s
     0     0     cutoff    0         0.70470    0.70470  0.00%     -    0s

Explored 1 nodes (52 simplex iterations) in 0.05 seconds
Thread count was 4 (of 4 available processors)

Solution count 2: 0.704696 32.8497 

Optimal solution found (tolerance 1.00e-04)
Best objective 7.046961469135e-01, best bound 7.046961469135e-01, gap 0.0000%
Optimize a model with 93 rows, 46 columns and 138 nonzeros
Model has 90 quadratic objective terms
Variable types: 0 continuous, 46 integer (0 binary)
Coefficient statistics:
  Matrix range     [1e+00, 1e+00]
  Objective range  [2e+00, 9e+00]
  QObjective range [1e-01, 4e+00]
  Bounds range     [0e+00, 0e+00]
  RHS range        [1e+00, 8e+01]
Found heuristic solution: objective 32.8497336
Presolve removed 92 rows and 0 columns
Presolve time: 0.00s
Presolved: 1 rows, 46 columns, 46 nonzeros
Presolved model has 90 quadratic objective terms
Variable types: 0 continuous, 46 integer (0 binary)

Root relaxation: objective 5.590552e-01, 44 iterations, 0.00 seconds

    Nodes    |    Current Node    |     Objective Bounds      |     Work
 Expl Unexpl |  Obj  Depth IntInf | Incumbent    BestBd   Gap | It/Node Time

     0     0    0.55906    0   40   32.84973    0.55906  98.3%     -    0s
H    0     0                       0.7046961    0.55906  20.7%     -    0s
     0     0     cutoff    0         0.70470    0.70470  0.00%     -    0s

Explored 1 nodes (52 simplex iterations) in 0.05 seconds
Thread count was 4 (of 4 available processors)

Solution count 2: 0.704696 32.8497 

Optimal solution found (tolerance 1.00e-04)
Best objective 7.046961469135e-01, best bound 7.046961469135e-01, gap 0.0000%
Optimize a model with 93 rows, 46 columns and 138 nonzeros
Model has 90 quadratic objective terms
Variable types: 0 continuous, 46 integer (0 binary)
Coefficient statistics:
  Matrix range     [1e+00, 1e+00]
  Objective range  [2e+00, 9e+00]
  QObjective range [1e-01, 4e+00]
  Bounds range     [0e+00, 0e+00]
  RHS range        [1e+00, 8e+01]
Found heuristic solution: objective 32.8497336
Presolve removed 92 rows and 0 columns
Presolve time: 0.00s
Presolved: 1 rows, 46 columns, 46 nonzeros
Presolved model has 90 quadratic objective terms
Variable types: 0 continuous, 46 integer (0 binary)

Root relaxation: objective 5.590552e-01, 44 iterations, 0.00 seconds

    Nodes    |    Current Node    |     Objective Bounds      |     Work
 Expl Unexpl |  Obj  Depth IntInf | Incumbent    BestBd   Gap | It/Node Time

     0     0    0.55906    0   40   32.84973    0.55906  98.3%     -    0s
H    0     0                       0.7046961    0.55906  20.7%     -    0s
     0     0     cutoff    0         0.70470    0.70470  0.00%     -    0s

Explored 1 nodes (52 simplex iterations) in 0.06 seconds
Thread count was 4 (of 4 available processors)

Solution count 2: 0.704696 32.8497 

Optimal solution found (tolerance 1.00e-04)
Best objective 7.046961469135e-01, best bound 7.046961469135e-01, gap 0.0000%
Optimize a model with 93 rows, 46 columns and 138 nonzeros
Model has 90 quadratic objective terms
Variable types: 0 continuous, 46 integer (0 binary)
Coefficient statistics:
  Matrix range     [1e+00, 1e+00]
  Objective range  [2e+00, 9e+00]
  QObjective range [1e-01, 4e+00]
  Bounds range     [0e+00, 0e+00]
  RHS range        [1e+00, 8e+01]
Found heuristic solution: objective 32.8497336
Presolve removed 92 rows and 0 columns
Presolve time: 0.00s
Presolved: 1 rows, 46 columns, 46 nonzeros
Presolved model has 90 quadratic objective terms
Variable types: 0 continuous, 46 integer (0 binary)

Root relaxation: objective 5.590552e-01, 44 iterations, 0.00 seconds

    Nodes    |    Current Node    |     Objective Bounds      |     Work
 Expl Unexpl |  Obj  Depth IntInf | Incumbent    BestBd   Gap | It/Node Time

     0     0    0.55906    0   40   32.84973    0.55906  98.3%     -    0s
H    0     0                       0.7046961    0.55906  20.7%     -    0s
     0     0     cutoff    0         0.70470    0.70470  0.00%     -    0s

Explored 1 nodes (52 simplex iterations) in 0.04 seconds
Thread count was 4 (of 4 available processors)

Solution count 2: 0.704696 32.8497 

Optimal solution found (tolerance 1.00e-04)
Best objective 7.046961469135e-01, best bound 7.046961469135e-01, gap 0.0000%
